     1                                  ;主引导程序
     2                                  
     3                                  org 0x7c00
     4                                  
     5 00000000 E90E00                  jmp near start
     6                                  
     7 00000003 480765076C076C076F-     msg db 'H',0x07,'e', 0x07,'l', 0x07,'l', 0x07,'o', 0x07,'!', 0x07,' ', 0x07
     7 0000000C 0721072007         
     8                                  
     9                                  start:
    10 00000011 89C8                    	mov ax, cx
    11 00000013 8ED8                    	mov ds, ax
    12                                  
    13 00000015 B800B8                  	mov ax, 0xb800
    14 00000018 8EC0                    	mov es, ax
    15                                  
    16 0000001A FC                      	cld
    17 0000001B BE[0300]                	mov si, msg
    18 0000001E BF0000                  	mov di, 0
    19 00000021 B90700                  	mov cx, (start-msg)/2
    20 00000024 F3A5                    	rep movsw
    21                                  
    22                                  fin:
    23 00000026 E9FDFF                  	jmp near fin
    24                                  
    25 00000029 00<rept>                times 510-($-$$) db 0
    26 000001FE 55AA                    db 0x55,0xaa
    27                                  
    28 00000200 00<rept>                times 1474048 db 0
